
  .   ____          _            __ _ _
 /\\ / ___'_ __ _ _(_)_ __  __ _ \ \ \ \
( ( )\___ | '_ | '_| | '_ \/ _` | \ \ \ \
 \\/  ___)| |_)| | | | | || (_| |  ) ) ) )
  '  |____| .__|_| |_|_| |_\__, | / / / /
 =========|_|==============|___/=/_/_/_/
 :: Spring Boot ::                (v2.7.0)

2026-01-08 06:11:47 - Starting Application v1.0.0 using Java 17.0.17 on ip-172-31-37-224.ap-northeast-2.compute.internal with PID 80090 (/home/ec2-user/source/target/race-1.0.0.jar started by ec2-user in /home/ec2-user/source)
2026-01-08 06:11:47 - Running with Spring Boot v2.7.0, Spring v5.3.20
2026-01-08 06:11:47 - No active profile set, falling back to 1 default profile: "default"
2026-01-08 06:11:49 - Bootstrapping Spring Data JPA repositories in DEFAULT mode.
2026-01-08 06:11:49 - Finished Spring Data repository scanning in 15 ms. Found 0 JPA repository interfaces.
2026-01-08 06:11:50 - Tomcat initialized with port(s): 8080 (http)
2026-01-08 06:11:50 - Starting service [Tomcat]
2026-01-08 06:11:50 - Starting Servlet engine: [Apache Tomcat/9.0.63]
2026-01-08 06:11:50 - Initializing Spring embedded WebApplicationContext
2026-01-08 06:11:50 - Root WebApplicationContext: initialization completed in 2359 ms
2026-01-08 06:11:50 - HHH000204: Processing PersistenceUnitInfo [name: default]
2026-01-08 06:11:50 - HHH000412: Hibernate ORM core version 5.6.9.Final
2026-01-08 06:11:51 - HCANN000001: Hibernate Commons Annotations {5.1.2.Final}
2026-01-08 06:11:51 - HikariPool-1 - Starting...
2026-01-08 06:11:51 - HikariPool-1 - Start completed.
2026-01-08 06:11:51 - HHH000400: Using dialect: org.hibernate.dialect.MySQL8Dialect
2026-01-08 06:11:52 - HHH000490: Using JtaPlatform implementation: [org.hibernate.engine.transaction.jta.platform.internal.NoJtaPlatform]
2026-01-08 06:11:52 - Initialized JPA EntityManagerFactory for persistence unit 'default'
2026-01-08 06:11:52 - spring.jpa.open-in-view is enabled by default. Therefore, database queries may be performed during view rendering. Explicitly configure spring.jpa.open-in-view to disable this warning
2026-01-08 06:11:53 - Adding welcome page: class path resource [static/index.html]
2026-01-08 06:11:53 - Tomcat started on port(s): 8080 (http) with context path ''
2026-01-08 06:11:53 - Started Application in 6.268 seconds (JVM running for 6.887)
2026-01-08 06:11:53 - Initializing Spring DispatcherServlet 'dispatcherServlet'
2026-01-08 06:11:53 - Initializing Servlet 'dispatcherServlet'
2026-01-08 06:11:53 - Completed initialization in 1 ms
